nohup: ignoring input
wandb: Currently logged in as: dhkdwk0215 (topasm). Use `wandb login --relogin` to force relogin
wandb: Using wandb-core as the SDK backend.  Please refer to https://wandb.me/wandb-core for more information.
wandb: Tracking run with wandb version 0.19.4
wandb: Run data is saved locally in /home/ahrilab/Desktop/ViTfromScratch/wandb/run-20250415_221427-hod7ijnl
wandb: Run `wandb offline` to turn off syncing.
wandb: Syncing run unique-river-4
wandb: ⭐️ View project at https://wandb.ai/topasm/vit_fromscratch
wandb: 🚀 View run at https://wandb.ai/topasm/vit_fromscratch/runs/hod7ijnl
Epoch [1/200 - Loss: 2.2032442920062008]
Epoch [2/200 - Loss: 2.127527562939391]
Epoch [3/200 - Loss: 2.103622370836686]
Epoch [4/200 - Loss: 2.0948032651628767]
Epoch [5/200 - Loss: 2.0883354672363827]
Epoch [6/200 - Loss: 2.08531481818277]
Epoch [7/200 - Loss: 2.0846013706557605]
Epoch [8/200 - Loss: 2.0797132284057382]
Epoch [9/200 - Loss: 2.079572384454766]
Epoch [10/200 - Loss: 2.0772322629179274]
Epoch [11/200 - Loss: 2.072408909700355]
Epoch [12/200 - Loss: 2.0747809324945723]
Epoch [13/200 - Loss: 2.0691391679705404]
Epoch [14/200 - Loss: 2.0676657168232664]
Epoch [15/200 - Loss: 2.065077318828933]
Epoch [16/200 - Loss: 2.0609487939854056]
Epoch [17/200 - Loss: 2.0587171449953194]
Epoch [18/200 - Loss: 2.0590000541842715]
Epoch [19/200 - Loss: 2.052844737865487]
Epoch [20/200 - Loss: 2.0579422967774526]
Epoch [21/200 - Loss: 2.0570343933543382]
Epoch [22/200 - Loss: 2.0517195639561634]
Epoch [23/200 - Loss: 2.04813296089367]
Epoch [24/200 - Loss: 2.0477870106697083]
Epoch [25/200 - Loss: 2.04757588736865]
Epoch [26/200 - Loss: 2.0458203608892402]
Epoch [27/200 - Loss: 2.045598087870345]
Epoch [28/200 - Loss: 2.0439521944036287]
Epoch [29/200 - Loss: 2.0465127278347404]
Epoch [30/200 - Loss: 2.0480743464158504]
Epoch [31/200 - Loss: 2.0551859073492946]
Epoch [32/200 - Loss: 2.0674506462350184]
Epoch [33/200 - Loss: 2.0838879273862254]
Epoch [34/200 - Loss: 2.1054225247733447]
Epoch [35/200 - Loss: 2.1157175764745597]
Epoch [36/200 - Loss: 2.115131513196595]
Epoch [37/200 - Loss: 2.113282341129926]
Epoch [38/200 - Loss: 2.1069240886337903]
Epoch [39/200 - Loss: 2.104177404423149]
Epoch [40/200 - Loss: 2.100754656353775]
Epoch [41/200 - Loss: 2.099491993991696]
Epoch [42/200 - Loss: 2.0981519611514345]
Epoch [43/200 - Loss: 2.0947854944637845]
Epoch [44/200 - Loss: 2.092590623972367]
Epoch [45/200 - Loss: 2.08901960509164]
Epoch [46/200 - Loss: 2.08711914201172]
Epoch [47/200 - Loss: 2.0839820869114933]
Epoch [48/200 - Loss: 2.0819197467395236]
Epoch [49/200 - Loss: 2.0803846041766967]
Epoch [50/200 - Loss: 2.0792758641194324]
Epoch [51/200 - Loss: 2.078221172702556]
Epoch [52/200 - Loss: 2.0788204840251376]
Epoch [53/200 - Loss: 2.0778531663271846]
Epoch [54/200 - Loss: 2.078768249677152]
Epoch [55/200 - Loss: 2.077850696991901]
Epoch [56/200 - Loss: 2.078954593259461]
Epoch [57/200 - Loss: 2.077798896906327]
Epoch [58/200 - Loss: 2.076637407346648]
Epoch [59/200 - Loss: 2.0768330066787954]
Epoch [60/200 - Loss: 2.077093162098709]
Epoch [61/200 - Loss: 2.0766581138786004]
Epoch [62/200 - Loss: 2.0763277843290444]
Epoch [63/200 - Loss: 2.079247998948]
Epoch [64/200 - Loss: 2.077800818852016]
Epoch [65/200 - Loss: 2.0767225148726483]
Epoch [66/200 - Loss: 2.0776033979289386]
Epoch [67/200 - Loss: 2.0777876486583633]
Epoch [68/200 - Loss: 2.0772027537530784]
Epoch [69/200 - Loss: 2.077786904816725]
Epoch [70/200 - Loss: 2.078929626211828]
Epoch [71/200 - Loss: 2.077187162272784]
Epoch [72/200 - Loss: 2.0769709233118565]
Epoch [73/200 - Loss: 2.0792185049884173]
Epoch [74/200 - Loss: 2.0775773458334865]
Epoch [75/200 - Loss: 2.0781804317114303]
Epoch [76/200 - Loss: 2.0772545647864438]
Epoch [77/200 - Loss: 2.078335985845449]
Epoch [78/200 - Loss: 2.0783196651205724]
Epoch [79/200 - Loss: 2.0801850922253666]
Epoch [80/200 - Loss: 2.0775651785792135]
Epoch [81/200 - Loss: 2.0772627902274228]
Epoch [82/200 - Loss: 2.0791121587461356]
Epoch [83/200 - Loss: 2.077950040904843]
Epoch [84/200 - Loss: 2.0792129629728744]
Epoch [85/200 - Loss: 2.077837802317678]
Epoch [86/200 - Loss: 2.0798100330391707]
Epoch [87/200 - Loss: 2.0794934569572914]
Epoch [88/200 - Loss: 2.0778611582152697]
Epoch [89/200 - Loss: 2.078886629975572]
Epoch [90/200 - Loss: 2.078974497561552]
Epoch [91/200 - Loss: 2.0783055820027174]
Epoch [92/200 - Loss: 2.0779293337646796]
Epoch [93/200 - Loss: 2.0785316082896017]
Epoch [94/200 - Loss: 2.079206720906861]
Epoch [95/200 - Loss: 2.0792988106912498]
Epoch [96/200 - Loss: 2.077921784045745]
Epoch [97/200 - Loss: 2.0792100192332756]
Epoch [98/200 - Loss: 2.079214836869921]
Epoch [99/200 - Loss: 2.0798800046346626]
Epoch [100/200 - Loss: 2.0796700034822737]
Epoch [101/200 - Loss: 2.0790226556816878]
Epoch [102/200 - Loss: 2.0791226966040477]
Epoch [103/200 - Loss: 2.0823119635484657]
Epoch [104/200 - Loss: 2.080671973374425]
Epoch [105/200 - Loss: 2.0792568496295383]
Epoch [106/200 - Loss: 2.080092492760444]
Epoch [107/200 - Loss: 2.079539018626116]
Epoch [108/200 - Loss: 2.0793479340417043]
Epoch [109/200 - Loss: 2.080888181316609]
Epoch [110/200 - Loss: 2.078926194687279]
Epoch [111/200 - Loss: 2.080764504111543]
Epoch [112/200 - Loss: 2.0802492578418885]
Epoch [113/200 - Loss: 2.0795022443849214]
Epoch [114/200 - Loss: 2.0781260254431744]
Epoch [115/200 - Loss: 2.078969571663409]
Epoch [116/200 - Loss: 2.0788226085049764]
Epoch [117/200 - Loss: 2.0809292829766566]
Epoch [118/200 - Loss: 2.080844944837142]
Epoch [119/200 - Loss: 2.079918689873754]
Epoch [120/200 - Loss: 2.0808559406776816]
Epoch [121/200 - Loss: 2.0802947714620705]
Epoch [122/200 - Loss: 2.079410876546587]
Epoch [123/200 - Loss: 2.0797490702599895]
Epoch [124/200 - Loss: 2.0786528264989657]
Epoch [125/200 - Loss: 2.0818202951732947]
Epoch [126/200 - Loss: 2.078279605933598]
Epoch [127/200 - Loss: 2.0797264843570944]
Epoch [128/200 - Loss: 2.079700394552581]
Epoch [129/200 - Loss: 2.080438810951856]
Epoch [130/200 - Loss: 2.0797300284006157]
Epoch [131/200 - Loss: 2.0792322572396724]
Epoch [132/200 - Loss: 2.079178107028105]
Epoch [133/200 - Loss: 2.0793122241691666]
Epoch [134/200 - Loss: 2.0788542117391313]
Epoch [135/200 - Loss: 2.079859143617202]
Epoch [136/200 - Loss: 2.08103425952853]
Epoch [137/200 - Loss: 2.079755494789201]
Epoch [138/200 - Loss: 2.0807120386435063]
Epoch [139/200 - Loss: 2.0820427354501216]
Epoch [140/200 - Loss: 2.079329780169896]
Epoch [141/200 - Loss: 2.0791027764884795]
Epoch [142/200 - Loss: 2.0791908593810335]
Epoch [143/200 - Loss: 2.079827897402705]
Epoch [144/200 - Loss: 2.0792339669198405]
Epoch [145/200 - Loss: 2.078884922120036]
Epoch [146/200 - Loss: 2.079586701125515]
Epoch [147/200 - Loss: 2.082453363403982]
Epoch [148/200 - Loss: 2.0830442686470185]
Epoch [149/200 - Loss: 2.0793112090655734]
Epoch [150/200 - Loss: 2.082075126925293]
Epoch [151/200 - Loss: 2.0798260867595673]
